<?xml version="1.0" encoding="UTF-8"?>
<testsuite xmlns:xsi="http://www.w3.org/2001/XMLSchema-instance" xsi:noNamespaceSchemaLocation="https://maven.apache.org/surefire/maven-surefire-plugin/xsd/surefire-test-report-3.0.xsd" version="3.0" name="app.UsersTest" time="0.305" tests="2" errors="0" skipped="0" failures="0">
  <properties>
[...]
</properties>
  <testcase name="firstTest" classname="app.UsersTest" time="0.102">
    <system-out><![CDATA[Request method:	GET
Request URI:	https://reqres.in/api/users/2
Proxy:			<none>
Request params:	<none>
Query params:	<none>
Form params:	<none>
Path params:	<none>
Multiparts:		<none>
Headers:		Accept=*/*
				Content-Type=application/json; charset=UTF-8
Cookies:		<none>
Body:			<none>
HTTP/1.1 200 OK
Date: Thu, 06 Apr 2023 17:10:54 GMT
Content-Type: application/json; charset=utf-8
Transfer-Encoding: chunked
Connection: keep-alive
X-Powered-By: Express
Access-Control-Allow-Origin: *
Etag: W/"118-pbdwwFo9SKNhD3Lx5iHJyngpq00"
Via: 1.1 vegur
Cache-Control: max-age=14400
CF-Cache-Status: HIT
Age: 2
Report-To: {"endpoints":[{"url":"https:\/\/a.nel.cloudflare.com\/report\/v3?s=sIetteFvBjWZBqeLfFla%2BxJc6zbTDsquZNskWYu9RZg4d3zxJuNaxw9jSMZzYQL%2FC13m4Ji%2Bwsl0RNHiTD0w2Jv%2FtlEpDZcPc1cdDUgJxJTrCyn%2BU0Hjm6ynVw%3D%3D"}],"group":"cf-nel","max_age":604800}
NEL: {"success_fraction":0,"report_to":"cf-nel","max_age":604800}
Vary: Accept-Encoding
Server: cloudflare
CF-RAY: 7b3ba59e7eb13492-WAW
Content-Encoding: gzip

{
    "data": {
        "id": 2,
        "email": "janet.weaver@reqres.in",
        "first_name": "Janet",
        "last_name": "Weaver",
        "avatar": "https://reqres.in/img/faces/2-image.jpg"
    },
    "support": {
        "url": "https://reqres.in/#support-heading",
        "text": "To keep ReqRes free, contributions towards server costs are appreciated!"
    }
}
]]></system-out>
  </testcase>
  <testcase name="secondTest" classname="app.UsersTest" time="0.2">
    <system-out><![CDATA[Request method:	POST
Request URI:	https://reqres.in/api/users
Proxy:			<none>
Request params:	<none>
Query params:	<none>
Form params:	<none>
Path params:	<none>
Multiparts:		<none>
Headers:		Accept=*/*
				Content-Type=application/json; charset=UTF-8
Cookies:		<none>
Body:
{
    "name": "Janet",
    "job": "leader",
    "id": "12",
    "createdAt": null
}
HTTP/1.1 201 Created
Date: Thu, 06 Apr 2023 17:10:54 GMT
Content-Type: application/json; charset=utf-8
Content-Length: 80
Connection: keep-alive
X-Powered-By: Express
Access-Control-Allow-Origin: *
Etag: W/"50-Pd8qjOOLwCoxrFYcnCQuZ57Np+0"
Via: 1.1 vegur
CF-Cache-Status: DYNAMIC
Report-To: {"endpoints":[{"url":"https:\/\/a.nel.cloudflare.com\/report\/v3?s=rIkG%2BG45TAZ8cBnygd3YyvHSjc0VGnfmszRB%2B6OAcX8NvoNlDO%2BDjwHuNF2td1A2RLDihOo9r6ejysdZsMqcg4Ljq0daHxkya5%2Bm%2BLyTGAATIuUHCxOnUnR8Yw%3D%3D"}],"group":"cf-nel","max_age":604800}
NEL: {"success_fraction":0,"report_to":"cf-nel","max_age":604800}
Server: cloudflare
CF-RAY: 7b3ba59f4a3c3510-WAW

{
    "name": "Janet",
    "job": "leader",
    "id": "12",
    "createdAt": "2023-04-06T17:10:54.664Z"
}
]]></system-out>
  </testcase>
</testsuite>